<?xml version="1.0" encoding="UTF-8"?>
<testng-results ignored="0" total="1" passed="1" failed="0" skipped="0">
  <reporter-output>
  </reporter-output>
  <suite started-at="2023-06-14T22:27:46 IST" name="Suite" finished-at="2023-06-14T22:27:55 IST" duration-ms="9313">
    <groups>
    </groups>
    <test started-at="2023-06-14T22:27:46 IST" name="Test" finished-at="2023-06-14T22:27:55 IST" duration-ms="9313">
      <class name="TestCasePackage.Get_TestClass">
        <test-method signature="execute()[pri:0, instance:TestCasePackage.Get_TestClass@3370f42]" started-at="2023-06-14T22:27:46 IST" name="execute" finished-at="2023-06-14T22:27:55 IST" duration-ms="9108" status="PASS">
          <reporter-output>
          </reporter-output>
        </test-method> <!-- execute -->
      </class> <!-- TestCasePackage.Get_TestClass -->
    </test> <!-- Test -->
  </suite> <!-- Suite -->
</testng-results>
